<?xml version="1.0" encoding="UTF-8"?>
<beans xmlns="http://www.springframework.org/schema/beans" xmlns:xsi="http://www.w3.org/2001/XMLSchema-instance"
	xmlns:context="http://www.springframework.org/schema/context" xmlns:aop="http://www.springframework.org/schema/aop"
	xmlns:util="http://www.springframework.org/schema/util" xmlns:p="http://www.springframework.org/schema/p"
	xmlns:tx="http://www.springframework.org/schema/tx" xmlns:task="http://www.springframework.org/schema/task"
	xmlns:cache="http://www.springframework.org/schema/cache" xmlns:jdbc="http://www.springframework.org/schema/jdbc"
	xsi:schemaLocation="http://www.springframework.org/schema/jdbc http://www.springframework.org/schema/jdbc/spring-jdbc-3.1.xsd
		http://www.springframework.org/schema/jee http://www.springframework.org/schema/jee/spring-jee-2.5.xsd
		http://www.springframework.org/schema/aop http://www.springframework.org/schema/aop/spring-aop.xsd
		http://www.springframework.org/schema/task http://www.springframework.org/schema/task/spring-task-3.1.xsd
		http://www.springframework.org/schema/beans http://www.springframework.org/schema/beans/spring-beans.xsd
		http://www.springframework.org/schema/util http://www.springframework.org/schema/util/spring-util.xsd
		http://www.springframework.org/schema/cache http://www.springframework.org/schema/cache/spring-cache-3.1.xsd
		http://www.springframework.org/schema/tx http://www.springframework.org/schema/tx/spring-tx-3.1.xsd
		http://www.springframework.org/schema/context http://www.springframework.org/schema/context/spring-context.xsd">


	<!-- ============================================================= -->
	<!-- Component Scan for Service and Repository -->
	<!-- ============================================================= -->
	<context:component-scan base-package="com.incross.svc" scoped-proxy="targetClass">
		<context:exclude-filter type="annotation" expression="org.springframework.stereotype.Controller" />
	</context:component-scan>

	<!-- ============================================================= -->
	<!-- task -->
	<!-- ============================================================= -->
	<task:annotation-driven />

	<!-- ============================================================= -->
	<!-- Resource bundle -->
	<!-- ============================================================= -->
	<bean id="messageSource" class="org.springframework.context.support.ReloadableResourceBundleMessageSource">
		<property name="defaultEncoding" value="UTF-8" />
		<property name="cacheSeconds" value="5"></property>
		<property name="basenames">
			<list>
				<value>classpath:locale/messages</value>
			</list>
		</property>
	</bean>

	<!-- ============================================================= -->
	<!-- AOP -->
	<!-- ============================================================= -->
	<bean id="transactionManager" class="org.springframework.jdbc.datasource.DataSourceTransactionManager">
		<property name="dataSource" ref="dataSource" />
	</bean>

	<tx:advice id="txAdvice" transaction-manager="transactionManager">
		<tx:attributes>
			<tx:method name="get*" read-only="true" />
			<tx:method name="find*" read-only="true" />
			<tx:method name="insert*" propagation="REQUIRED" />
			<tx:method name="delete*" propagation="REQUIRED" />
			<tx:method name="update*" propagation="REQUIRED" />
		</tx:attributes>
	</tx:advice>

	<aop:config>
		<aop:pointcut id="servicePublicMethod" expression="execution(public * com.incross.svc.component..service..*.*(..))" />
		<aop:advisor advice-ref="txAdvice" pointcut-ref="servicePublicMethod" />
		<aop:aspect ref="loggingAOP">
			<aop:pointcut id="loggingPointCut" expression="execution(* com.incross.svc..*.*(..))" />
			<aop:around method="aroundAdvice" pointcut-ref="loggingPointCut" />
		</aop:aspect>
	</aop:config>

	<!-- ============================================================= -->
	<!-- myBatis3 -->
	<!-- ============================================================= -->
	<bean id="sqlSessionFactory" class="org.mybatis.spring.SqlSessionFactoryBean">
		<property name="dataSource" ref="dataSource" />
		<property name="configLocation" value="classpath:mybatis/sqlmap-config.xml" />
  		<property name="mapperLocations" value="classpath:mybatis/sql/*.xml" />
	</bean>

	<bean id="sqlSessionTemplate" class="org.mybatis.spring.SqlSessionTemplate">
		<constructor-arg ref="sqlSessionFactory" />
	</bean>

	<!-- ============================================================= -->
	<!-- properties -->
	<!-- ============================================================= -->
	<util:properties id="baseConfig" location="classpath:conf/base-config.xml" />
	<util:properties id="appConfig" location="classpath:conf/dev-config.xml" />
	<context:property-placeholder properties-ref="appConfig" />

	<!-- ============================================================= -->
	<!-- dataSource -->
	<!-- ============================================================= -->
	<beans profile="dev, real">
		<bean id="dataSource" class="com.mchange.v2.c3p0.ComboPooledDataSource" destroy-method="close">
			<property name="driverClass" value="#{appConfig['jdbc.driver']}" />
			<property name="jdbcUrl" value="#{appConfig['jdbc.url']}" />
			<property name="user" value="#{appConfig['jdbc.username']}" />
			<property name="password" value="#{appConfig['jdbc.password']}" />
			<property name="acquireRetryAttempts" value="10" />
			<property name="preferredTestQuery" value="SELECT 1;" />
			<property name="testConnectionOnCheckin" value="true" />
			<property name="testConnectionOnCheckout" value="false" />
			<property name="maxIdleTime" value="300" />
			<property name="idleConnectionTestPeriod" value="30" />
		</bean>
	</beans>

	<!-- ============================================================= -->
	<!-- embedded database -->
	<!-- ============================================================= -->
	<beans profile="test">
		<jdbc:embedded-database id="dataSource" type="HSQL">
			<jdbc:script location="classpath:schema.sql"/>
		</jdbc:embedded-database>
	</beans>

</beans>
